2026-03-11 23:13:55,523 - INFO - Starting pipeline execution
2026-03-11 23:16:58,300 - INFO - Pipeline started
2026-03-11 23:16:58,325 - INFO - Pump data simulated
2026-03-11 23:16:58,331 - INFO - Daily fuel aggregated
2026-03-11 23:16:58,366 - INFO - Operational components simulated
2026-03-11 23:16:58,376 - INFO - Expected cash computed
2026-03-11 23:16:58,377 - INFO - Actual cash simulated
2026-03-11 23:16:58,379 - INFO - Statistical anomalies detected
2026-03-11 23:16:58,380 - INFO - Features engineered
2026-03-11 23:16:58,548 - INFO - Isolation Forest executed
2026-03-11 23:16:58,550 - INFO - Risk classification completed
2026-03-11 23:16:58,550 - INFO - Pipeline completed successfully
2026-03-11 23:22:13,131 - INFO - Pipeline started
2026-03-11 23:22:13,156 - INFO - Pump data simulated
2026-03-11 23:22:13,161 - INFO - Daily fuel aggregated
2026-03-11 23:22:13,210 - INFO - Operational components simulated
2026-03-11 23:22:13,222 - INFO - Expected cash computed
2026-03-11 23:22:13,224 - INFO - Actual cash simulated
2026-03-11 23:22:13,226 - INFO - Statistical anomalies detected
2026-03-11 23:22:13,228 - INFO - Features engineered
2026-03-11 23:22:13,441 - INFO - Isolation Forest executed
2026-03-11 23:22:13,442 - INFO - Risk classification completed
2026-03-11 23:22:13,442 - INFO - Pipeline completed successfully
